<?xml version="1.0" encoding="UTF-8"?>
<testsuite name="dev.conner.hometown.settlement.SettlementScannerTest" tests="4" skipped="0" failures="0" errors="0" timestamp="2026-09-10T20:51:26.909Z" hostname="SGC-MAINFRAME" time="0.215">
  <properties/>
  <testcase name="reopeningReflectsAddedResidentsBedsAndVanillaProfessionChanges()" classname="dev.conner.hometown.settlement.SettlementScannerTest" time="0.199"/>
  <testcase name="partialAndUnavailableStatesDoNotForceLoadChunks()" classname="dev.conner.hometown.settlement.SettlementScannerTest" time="0.004"/>
  <testcase name="countsBabiesButExcludesThemAndNitwitsFromEmploymentAndDiversity()" classname="dev.conner.hometown.settlement.SettlementScannerTest" time="0.006"/>
  <testcase name="storedRadiusVerticalBoundsAndLifeStateLimitResidents()" classname="dev.conner.hometown.settlement.SettlementScannerTest" time="0.005"/>
  <system-out><![CDATA[]]></system-out>
  <system-err><![CDATA[]]></system-err>
</testsuite>
