<?xml version="1.0" encoding="UTF-8"?>
<testsuite name="dev.conner.hometown.settlement.TownNamesTest" tests="4" skipped="0" failures="0" errors="0" timestamp="2026-09-10T20:51:27.166Z" hostname="SGC-MAINFRAME" time="0.017">
  <properties/>
  <testcase name="nameUniquenessIsIndependentOfDefaultLocale()" classname="dev.conner.hometown.settlement.TownNamesTest" time="0.008"/>
  <testcase name="trimsAndAllowsUnicodePunctuation()" classname="dev.conner.hometown.settlement.TownNamesTest" time="0.001"/>
  <testcase name="rejectsControlFormattingAndMalformedUnicodeEvenAtEdges()" classname="dev.conner.hometown.settlement.TownNamesTest" time="0.001"/>
  <testcase name="lengthCountsCodePoints()" classname="dev.conner.hometown.settlement.TownNamesTest" time="0.007"/>
  <system-out><![CDATA[]]></system-out>
  <system-err><![CDATA[]]></system-err>
</testsuite>
