<?xml version="1.0" encoding="UTF-8"?>
<testsuite name="dev.conner.hometown.room.PrivacyIntegrationTest" tests="9" skipped="0" failures="0" errors="0" timestamp="2026-09-10T20:51:24.682Z" hostname="SGC-MAINFRAME" time="0.416">
  <properties/>
  <testcase name="allDensityCategoriesAndUnavailablePrivacyRoundTrip()" classname="dev.conner.hometown.room.PrivacyIntegrationTest" time="0.004"/>
  <testcase name="shortageCanHavePerfectPrivacy()" classname="dev.conner.hometown.room.PrivacyIntegrationTest" time="0.001"/>
  <testcase name="emptyAndZeroPopulationAndIncompleteHaveConsistentAvailability()" classname="dev.conner.hometown.room.PrivacyIntegrationTest" time="0.001"/>
  <testcase name="brokenWindowRemovesBedsFromPrivacyAndRepairRestoresThem()" classname="dev.conner.hometown.room.PrivacyIntegrationTest" time="0.068"/>
  <testcase name="weightedPrivacyExcludesUnsealedBedsAndRounds()" classname="dev.conner.hometown.room.PrivacyIntegrationTest" time="0.001"/>
  <testcase name="highDensityNeverReducesCapacity()" classname="dev.conner.hometown.room.PrivacyIntegrationTest" time="0.001"/>
  <testcase name="realBlockBedAdditionAndRemovalRediscoverDensity()" classname="dev.conner.hometown.room.PrivacyIntegrationTest" time="0.336"/>
  <testcase name="densityThresholdsAndScores()" classname="dev.conner.hometown.room.PrivacyIntegrationTest" time="0.0"/>
  <testcase name="sixPrivateAndTwoSharedProduceNinetyFive()" classname="dev.conner.hometown.room.PrivacyIntegrationTest" time="0.001"/>
  <system-out><![CDATA[]]></system-out>
  <system-err><![CDATA[]]></system-err>
</testsuite>
