<?xml version="1.0" encoding="UTF-8"?>
<testsuite name="dev.conner.hometown.room.RoomDetectorTest" tests="20" skipped="0" failures="0" errors="0" timestamp="2026-09-10T20:51:25.100Z" hostname="SGC-MAINFRAME" time="0.964">
  <properties/>
  <testcase name="slabAndStairRoofsSealAtBlockCellResolution()" classname="dev.conner.hometown.room.RoomDetectorTest" time="0.027"/>
  <testcase name="freshSessionRediscoverChanges()" classname="dev.conner.hometown.room.RoomDetectorTest" time="0.011"/>
  <testcase name="awningAndTreeDoNotEnclose()" classname="dev.conner.hometown.room.RoomDetectorTest" time="0.009"/>
  <testcase name="largeOpenPlanInterior()" classname="dev.conner.hometown.room.RoomDetectorTest" time="0.185"/>
  <testcase name="separateBedroomsWithOpenDoorStaySeparate()" classname="dev.conner.hometown.room.RoomDetectorTest" time="0.022"/>
  <testcase name="openAndClosedTrapdoorRoofStable()" classname="dev.conner.hometown.room.RoomDetectorTest" time="0.02"/>
  <testcase name="fourBedsShareOneRoom()" classname="dev.conner.hometown.room.RoomDetectorTest" time="0.048"/>
  <testcase name="brokenWallEscapesOutside()" classname="dev.conner.hometown.room.RoomDetectorTest" time="0.005"/>
  <testcase name="tagCanSealAnOtherwiseNonCollidingBlock()" classname="dev.conner.hometown.room.RoomDetectorTest" time="0.014"/>
  <testcase name="glassRoofAndGlassOrPaneWalls()" classname="dev.conner.hometown.room.RoomDetectorTest" time="0.034"/>
  <testcase name="openAndClosedDoorsKeepIdenticalResult()" classname="dev.conner.hometown.room.RoomDetectorTest" time="0.02"/>
  <testcase name="distanceAndWorkBudgetsAreExplicit()" classname="dev.conner.hometown.room.RoomDetectorTest" time="0.005"/>
  <testcase name="missingRoofEscapesOutside()" classname="dev.conner.hometown.room.RoomDetectorTest" time="0.002"/>
  <testcase name="twoBedsReuseCompleteRoomWithoutWorldReads()" classname="dev.conner.hometown.room.RoomDetectorTest" time="0.029"/>
  <testcase name="oversizedHallStopsAtVolumeLimit()" classname="dev.conner.hometown.room.RoomDetectorTest" time="0.475"/>
  <testcase name="enclosedCarvedCave()" classname="dev.conner.hometown.room.RoomDetectorTest" time="0.01"/>
  <testcase name="missingChunkFailsWithoutRequestingLoad()" classname="dev.conner.hometown.room.RoomDetectorTest" time="0.024"/>
  <testcase name="infiniteRoofedTunnelFailsEvenWithoutSkyVisibility()" classname="dev.conner.hometown.room.RoomDetectorTest" time="0.002"/>
  <testcase name="invalidBedAndNoFreeStart()" classname="dev.conner.hometown.room.RoomDetectorTest" time="0.002"/>
  <testcase name="vanillaHouseAndBothBedHalves()" classname="dev.conner.hometown.room.RoomDetectorTest" time="0.015"/>
  <system-out><![CDATA[]]></system-out>
  <system-err><![CDATA[]]></system-err>
</testsuite>
