<?xml version="1.0" encoding="UTF-8"?>
<testsuite name="dev.conner.hometown.settlement.LedgerAndPayloadTest" tests="5" skipped="0" failures="0" errors="0" timestamp="2026-09-10T20:51:26.379Z" hostname="SGC-MAINFRAME" time="0.087">
  <properties/>
  <testcase name="rejectedDropReportsFailureAndDoesNotDiscardStack()" classname="dev.conner.hometown.settlement.LedgerAndPayloadTest" time="0.062"/>
  <testcase name="deliversIntoAvailableSlotWithoutDropping()" classname="dev.conner.hometown.settlement.LedgerAndPayloadTest" time="0.001"/>
  <testcase name="namingPayloadsRoundTripUnicodeAndLimitWireSize()" classname="dev.conner.hometown.settlement.LedgerAndPayloadTest" time="0.003"/>
  <testcase name="settlementUuidSurvivesPersistentAndNetworkCodecs()" classname="dev.conner.hometown.settlement.LedgerAndPayloadTest" time="0.011"/>
  <testcase name="fullCreativeInventoryDropsInsteadOfSilentlyDeletingLedger()" classname="dev.conner.hometown.settlement.LedgerAndPayloadTest" time="0.009"/>
  <system-out><![CDATA[]]></system-out>
  <system-err><![CDATA[]]></system-err>
</testsuite>
