<?xml version="1.0" encoding="UTF-8"?>
<testsuite name="dev.conner.hometown.command.RoomDebugCommandTest" tests="4" skipped="0" failures="0" errors="0" timestamp="2026-09-10T14:52:44.742Z" hostname="SGC-MAINFRAME" time="1.285">
  <properties/>
  <testcase name="operatorGetsReadableCompleteDiagnostic()" classname="dev.conner.hometown.command.RoomDebugCommandTest" time="1.155"/>
  <testcase name="outdoorFailureLabelsPartialCounts()" classname="dev.conner.hometown.command.RoomDebugCommandTest" time="0.065"/>
  <testcase name="nonOperatorCannotRunDiagnostic()" classname="dev.conner.hometown.command.RoomDebugCommandTest" time="0.003"/>
  <testcase name="noNearbyBedHasClearMessage()" classname="dev.conner.hometown.command.RoomDebugCommandTest" time="0.06"/>
  <system-out><![CDATA[]]></system-out>
  <system-err><![CDATA[]]></system-err>
</testsuite>
