<?xml version="1.0" encoding="UTF-8"?>
<testsuite name="dev.conner.hometown.settlement.SettlementPersistenceTest" tests="4" skipped="0" failures="0" errors="0" timestamp="2026-09-10T14:52:42.356Z" hostname="SGC-MAINFRAME" time="0.058">
  <properties/>
  <testcase name="radiusAndDimensionQueriesUseStoredValuesAndHorizontalDistance()" classname="dev.conner.hometown.settlement.SettlementPersistenceTest" time="0.018"/>
  <testcase name="malformedRecordsFailVisibly()" classname="dev.conner.hometown.settlement.SettlementPersistenceTest" time="0.01"/>
  <testcase name="rejectsDuplicateNamesBellsAndIdsWithoutPartialWrites()" classname="dev.conner.hometown.settlement.SettlementPersistenceTest" time="0.004"/>
  <testcase name="persistsAllFieldsAcrossTwoDiskReloadsAndWorldCopy()" classname="dev.conner.hometown.settlement.SettlementPersistenceTest" time="0.024"/>
  <system-out><![CDATA[[09:52:42] [Test worker/INFO] [de.co.ho.Hometown/]: Removed Hometown 'Oakridge' [9ed3bb3e-6c19-4422-ae3f-b494e775d517]
[09:52:42] [Test worker/INFO] [de.co.ho.Hometown/]: Loaded 0 Hometowns from SavedData
[09:52:42] [Test worker/INFO] [de.co.ho.Hometown/]: Loaded 2 Hometowns from SavedData
[09:52:42] [Test worker/INFO] [de.co.ho.Hometown/]: Loaded 2 Hometowns from SavedData
[09:52:42] [Test worker/INFO] [de.co.ho.Hometown/]: Loaded 2 Hometowns from SavedData
]]></system-out>
  <system-err><![CDATA[]]></system-err>
</testsuite>
