<?xml version="1.0" encoding="UTF-8"?>
<testsuite name="dev.conner.hometown.room.PrivacyIntegrationTest" tests="9" skipped="0" failures="0" errors="0" timestamp="2026-09-10T14:52:47.314Z" hostname="SGC-MAINFRAME" time="0.28">
  <properties/>
  <testcase name="allDensityCategoriesAndUnavailablePrivacyRoundTrip()" classname="dev.conner.hometown.room.PrivacyIntegrationTest" time="0.003"/>
  <testcase name="shortageCanHavePerfectPrivacy()" classname="dev.conner.hometown.room.PrivacyIntegrationTest" time="0.001"/>
  <testcase name="emptyAndZeroPopulationAndIncompleteHaveConsistentAvailability()" classname="dev.conner.hometown.room.PrivacyIntegrationTest" time="0.0"/>
  <testcase name="brokenWindowRemovesBedsFromPrivacyAndRepairRestoresThem()" classname="dev.conner.hometown.room.PrivacyIntegrationTest" time="0.043"/>
  <testcase name="weightedPrivacyExcludesUnsealedBedsAndRounds()" classname="dev.conner.hometown.room.PrivacyIntegrationTest" time="0.001"/>
  <testcase name="highDensityNeverReducesCapacity()" classname="dev.conner.hometown.room.PrivacyIntegrationTest" time="0.0"/>
  <testcase name="realBlockBedAdditionAndRemovalRediscoverDensity()" classname="dev.conner.hometown.room.PrivacyIntegrationTest" time="0.228"/>
  <testcase name="densityThresholdsAndScores()" classname="dev.conner.hometown.room.PrivacyIntegrationTest" time="0.001"/>
  <testcase name="sixPrivateAndTwoSharedProduceNinetyFive()" classname="dev.conner.hometown.room.PrivacyIntegrationTest" time="0.0"/>
  <system-out><![CDATA[]]></system-out>
  <system-err><![CDATA[]]></system-err>
</testsuite>
