<?xml version="1.0" encoding="UTF-8"?>
<testsuite name="dev.conner.hometown.settlement.SettlementValidatorTest" tests="4" skipped="0" failures="0" errors="0" timestamp="2026-09-10T14:52:48.626Z" hostname="SGC-MAINFRAME" time="0.012">
  <properties/>
  <testcase name="homePoisRequireIntactVanillaBedsAndOnlyLoadedChunksAreQueried()" classname="dev.conner.hometown.settlement.SettlementValidatorTest" time="0.005"/>
  <testcase name="onlyLivingVanillaVillagersInsideBoundsCountIncludingBabies()" classname="dev.conner.hometown.settlement.SettlementValidatorTest" time="0.003"/>
  <testcase name="overlapCanBeDisabledButDuplicateAnchorCannot()" classname="dev.conner.hometown.settlement.SettlementValidatorTest" time="0.001"/>
  <testcase name="rejectsMissingBookBellAndDistantPlayersBeforeScanning()" classname="dev.conner.hometown.settlement.SettlementValidatorTest" time="0.002"/>
  <system-out><![CDATA[]]></system-out>
  <system-err><![CDATA[]]></system-err>
</testsuite>
