<?xml version="1.0" encoding="UTF-8"?>
<testsuite name="dev.conner.hometown.settlement.LedgerAndPayloadTest" tests="5" skipped="0" failures="0" errors="0" timestamp="2026-09-10T14:52:48.306Z" hostname="SGC-MAINFRAME" time="0.042">
  <properties/>
  <testcase name="rejectedDropReportsFailureAndDoesNotDiscardStack()" classname="dev.conner.hometown.settlement.LedgerAndPayloadTest" time="0.027"/>
  <testcase name="deliversIntoAvailableSlotWithoutDropping()" classname="dev.conner.hometown.settlement.LedgerAndPayloadTest" time="0.0"/>
  <testcase name="namingPayloadsRoundTripUnicodeAndLimitWireSize()" classname="dev.conner.hometown.settlement.LedgerAndPayloadTest" time="0.002"/>
  <testcase name="settlementUuidSurvivesPersistentAndNetworkCodecs()" classname="dev.conner.hometown.settlement.LedgerAndPayloadTest" time="0.005"/>
  <testcase name="fullCreativeInventoryDropsInsteadOfSilentlyDeletingLedger()" classname="dev.conner.hometown.settlement.LedgerAndPayloadTest" time="0.007"/>
  <system-out><![CDATA[]]></system-out>
  <system-err><![CDATA[]]></system-err>
</testsuite>
